<?xml version="1.0" encoding="UTF-8"?>
<!DOCTYPE beans PUBLIC  "-//SPRING//DTD BEAN//EN" "http://www.springframework.org/dtd/spring-beans.dtd">

<beans>

	<!-- ===========================================================-->
	<!-- Message source						-->
	<!-- ===========================================================-->
	<bean id="messageSource" class="com.context.support.ResourceBundleMessageSource">
		<property name="basename"><value>com/interface21/web/context/WEB-INF/test-messages</value></property>
	</bean>
	<bean id="themeSource" class="com.ui.context.support.ResourceBundleThemeSource">
		<property name="basenamePrefix"><value>com/interface21/web/context/WEB-INF/test-</value></property>
	</bean>

	<bean id="aca" class="com.context.ACATest"/>

	<bean id="aca-prototype" class="com.context.ACATest" singleton="false"/>

	<bean id="rod" class="com.beans.TestBean">
		<property name="name"><value>Rod</value></property>
		<property name="age"><value>31</value></property>
		<property name="spouse"><ref external="father"/></property>
	</bean>

	<bean id="testListener" class="com.context.TestListener"/>

	<bean id="roderick" parent="rod">
		<property name="name"><value>Roderick</value></property>
		<property name="age"><value>31</value></property>
	</bean>

	<bean id="kathy" class="com.beans.TestBean" singleton="false"/>

	<bean id="kerry" class="com.beans.TestBean">
		<property name="name"><value>Kerry</value></property>
		<property name="age"><value>34</value></property>
		<property name="spouse"><ref bean="rod"/></property>
	</bean>


	<bean id="typeMismatch" class="com.beans.TestBean" singleton="false">
		<property name="name"><value>typeMismatch</value></property>
		<property name="age"><value>34x</value></property>
		<property name="spouse"><ref bean="rod"/></property>
	</bean>

	<!-- Factory beans are automatically treated
		differently -->
	<bean id="singletonFactory"
		class="com.beans.factory.DummyFactory">
	</bean>

	<bean id="prototypeFactory"
		class="com.beans.factory.DummyFactory">
		<property name="singleton"><value>false</value></property>
	</bean>

	<bean id="factoryPassThrough"
		class="com.beans.factory.DummyFactory">
		<property name="singleton"><value>true</value></property>
		<property name="propertyValues">
			<value>
			name=passThrough
			</value>
		</property>
	</bean>
	
	<!--
	 <bean name="agistListener" class="AbstractBeanFactoryTests$AgistListener" />
	 -->

	<bean id="listenerVeto" class="com.beans.TestBean">
		<!--	<listener property="age" beanRef="agistListener" /> -->
		<property name="name"><value>listenerVeto</value></property>
		<property name="age"><value>66</value></property>
	</bean>

	<bean id="validEmpty" class="com.beans.TestBean"/>

</beans>
